<?xml version="1.0" encoding="UTF-8"?>
<!-- Generated by org.testng.reporters.JUnitReportReporter -->
<testsuite hostname="UBQDT00096" name="SalesTestCases.Tc_Sales_002_OrderBrowserVerification" tests="1" failures="0" timestamp="6 Dec 2019 12:50:19 GMT" time="1.933" errors="0">
  <testcase name="orderBrowserVerificationtestCase" time="1.933" classname="SalesTestCases.Tc_Sales_002_OrderBrowserVerification"/>
</testsuite> <!-- SalesTestCases.Tc_Sales_002_OrderBrowserVerification -->
