<?xml version="1.0" encoding="UTF-8"?>
<!-- Generated by org.testng.reporters.JUnitReportReporter -->
<testsuite hostname="UBQDT00096" name="StockTestCases.Tc_Stock_001_StockBrowserDescriteBookStockVerificationtestCase" tests="1" failures="0" timestamp="23 May 2019 10:29:07 GMT" time="46.943" errors="0">
  <testcase name="StockBrowserDescriteBookStockVerificationtestCase" time="46.943" classname="StockTestCases.Tc_Stock_001_StockBrowserDescriteBookStockVerificationtestCase"/>
</testsuite> <!-- StockTestCases.Tc_Stock_001_StockBrowserDescriteBookStockVerificationtestCase -->
