<?xml version="1.0" encoding="UTF-8"?>
<!-- Generated by org.testng.reporters.JUnitReportReporter -->
<testsuite hostname="UBQDT00096" name="MastersTestCases.Tc_Master_004_StoreMasterForNormalStoreCreationAndVerificationTestCase" tests="1" failures="0" timestamp="13 Aug 2019 06:35:25 GMT" time="6.234" errors="0">
  <testcase name="StoreCreationAndVerificationtestCase" time="6.234" classname="MastersTestCases.Tc_Master_004_StoreMasterForNormalStoreCreationAndVerificationTestCase"/>
</testsuite> <!-- MastersTestCases.Tc_Master_004_StoreMasterForNormalStoreCreationAndVerificationTestCase -->
