<?xml version="1.0" encoding="UTF-8"?>
<!-- Generated by org.testng.reporters.JUnitReportReporter -->
<testsuite hostname="UBQDT00096" name="SalesTestCases.Tc_Sales_005_CollectionCustomerWiseCreationAndVerification" tests="1" failures="0" timestamp="12 Dec 2019 06:37:54 GMT" time="1.053" errors="0">
  <testcase name="CollectionCustomerWiseCreationAndVerificationtestCase" time="1.053" classname="SalesTestCases.Tc_Sales_005_CollectionCustomerWiseCreationAndVerification"/>
</testsuite> <!-- SalesTestCases.Tc_Sales_005_CollectionCustomerWiseCreationAndVerification -->
