<?xml version="1.0" encoding="UTF-8"?>
<!-- Generated by org.testng.reporters.JUnitReportReporter -->
<testsuite hostname="UBQDT00096" name="StockTestCases.Tc_Stock_005_StockAdjustmentForNonDescriteOrArticleProductsTestCase" tests="1" failures="0" timestamp="28 Jun 2019 12:22:00 GMT" time="22.182" errors="0">
  <testcase name="stockAdjustmentForNonDescriteOrArticleProductsTestCase" time="22.182" classname="StockTestCases.Tc_Stock_005_StockAdjustmentForNonDescriteOrArticleProductsTestCase"/>
</testsuite> <!-- StockTestCases.Tc_Stock_005_StockAdjustmentForNonDescriteOrArticleProductsTestCase -->
