<?xml version="1.0" encoding="UTF-8"?>
<!-- Generated by org.testng.reporters.JUnitReportReporter -->
<testsuite hostname="UBQDT00096" name="SalesTestCases.TC_Bill_Entry_Demo" tests="1" failures="0" timestamp="13 Apr 2020 06:19:00 GMT" time="3.640" errors="0">
  <testcase name="BillEntryCreationAndVerificationtestCase" time="3.640" classname="SalesTestCases.TC_Bill_Entry_Demo"/>
</testsuite> <!-- SalesTestCases.TC_Bill_Entry_Demo -->
