<?xml version="1.0" encoding="UTF-8"?>
<!-- Generated by org.testng.reporters.JUnitReportReporter -->
<testsuite hostname="UBQDT00096" name="StockTestCases.Tc_Stock_011_OpeningStockForNonDescriteProductTestCase" tests="1" failures="0" timestamp="15 Jul 2019 05:44:56 GMT" time="28.482" errors="0">
  <testcase name="openingStockNonForDescriteProduct" time="28.482" classname="StockTestCases.Tc_Stock_011_OpeningStockForNonDescriteProductTestCase"/>
</testsuite> <!-- StockTestCases.Tc_Stock_011_OpeningStockForNonDescriteProductTestCase -->
