<?xml version="1.0" encoding="UTF-8"?>
<!-- Generated by org.testng.reporters.JUnitReportReporter -->
<testsuite hostname="UBQDT00096" name="MastersTestCases.Tc_Master_001_ProductMasterNonMTNProductCreationAndVerification" tests="1" failures="0" timestamp="21 Apr 2020 06:42:36 GMT" time="25.042" errors="0">
  <testcase name="nonMTNProductCreationAndVerificationtestCase" time="25.042" classname="MastersTestCases.Tc_Master_001_ProductMasterNonMTNProductCreationAndVerification"/>
</testsuite> <!-- MastersTestCases.Tc_Master_001_ProductMasterNonMTNProductCreationAndVerification -->
