<?xml version="1.0" encoding="UTF-8"?>
<!-- Generated by org.testng.reporters.JUnitReportReporter -->
<testsuite hostname="UBQDT00096" name="StockTestCases.Tc_Stock_011_OpeningStockForDescriteProductTestCase" tests="1" failures="0" timestamp="10 Jul 2019 09:43:15 GMT" time="2.862" errors="0">
  <testcase name="openingStockForDescriteProduct" time="2.862" classname="StockTestCases.Tc_Stock_011_OpeningStockForDescriteProductTestCase"/>
</testsuite> <!-- StockTestCases.Tc_Stock_011_OpeningStockForDescriteProductTestCase -->
