<?xml version="1.0" encoding="UTF-8"?>
<!-- Generated by org.testng.reporters.JUnitReportReporter -->
<testsuite hostname="UBQDT00096" name="MastersTestCases.Tc_Master_005_BeatMasterCreationAndVerification" tests="1" failures="0" timestamp="12 Jun 2019 11:35:56 GMT" time="49.980" errors="0">
  <testcase name="BeatMasterAndVerification" time="49.980" classname="MastersTestCases.Tc_Master_005_BeatMasterCreationAndVerification"/>
</testsuite> <!-- MastersTestCases.Tc_Master_005_BeatMasterCreationAndVerification -->
