<?xml version="1.0" encoding="UTF-8"?>
<!-- Generated by org.testng.reporters.JUnitReportReporter -->
<testsuite hostname="UBQDT00096" name="MastersTestCases.Tc_Master_007_ArticleMasterCreationAndVerificationTestCase" tests="3" failures="0" timestamp="13 Aug 2019 07:04:38 GMT" time="25.141" errors="0">
  <testcase name="ArticleCreationAndVerificationTestCase" time="7.320" classname="MastersTestCases.Tc_Master_007_ArticleMasterCreationAndVerificationTestCase"/>
  <testcase name="StockBrowserArticleMasterVerificationTestCase" time="8.405" classname="MastersTestCases.Tc_Master_007_ArticleMasterCreationAndVerificationTestCase"/>
  <testcase name="stockEntryForArticleProductsAndVerificationTestCase" time="9.416" classname="MastersTestCases.Tc_Master_007_ArticleMasterCreationAndVerificationTestCase"/>
</testsuite> <!-- MastersTestCases.Tc_Master_007_ArticleMasterCreationAndVerificationTestCase -->
