<?xml version="1.0" encoding="UTF-8"?>
<!-- Generated by org.testng.reporters.JUnitReportReporter -->
<testsuite hostname="UBQDT00096" name="SalesTestCases.Tc_Sales_002_CollectionCustomerWiseCreationAndVerification" tests="1" failures="0" timestamp="9 Jul 2019 05:47:44 GMT" time="16.085" errors="0">
  <testcase name="CollectionCustomerWiseCreationAndVerificationtestCase" time="16.085" classname="SalesTestCases.Tc_Sales_002_CollectionCustomerWiseCreationAndVerification"/>
</testsuite> <!-- SalesTestCases.Tc_Sales_002_CollectionCustomerWiseCreationAndVerification -->
