<?xml version="1.0" encoding="UTF-8"?>
<!-- Generated by org.testng.reporters.JUnitReportReporter -->
<testsuite hostname="UBQDT00096" name="MastersTestCases.Tc_Master_005_BeatMasterCreationAndVerification$Tc_Stock_002_HoldStockAndVerificationtestCase" tests="1" failures="0" timestamp="12 Jun 2019 05:41:50 GMT" time="11.810" errors="0">
  <testcase name="HoldStockAndVerification" time="11.810" classname="MastersTestCases.Tc_Master_005_BeatMasterCreationAndVerification$Tc_Stock_002_HoldStockAndVerificationtestCase"/>
</testsuite> <!-- MastersTestCases.Tc_Master_005_BeatMasterCreationAndVerification$Tc_Stock_002_HoldStockAndVerificationtestCase -->
