<?xml version="1.0" encoding="UTF-8"?>
<!-- Generated by org.testng.reporters.JUnitReportReporter -->
<testsuite hostname="UBQDT00096" name="MastersTestCases.Tc_Master_002_StaffEntryCreationAndVerificationTestCase" tests="1" failures="0" timestamp="9 Jul 2019 12:14:37 GMT" time="38.103" errors="0">
  <testcase name="StaffEntryCreationAndVerificationtestCase" time="38.103" classname="MastersTestCases.Tc_Master_002_StaffEntryCreationAndVerificationTestCase"/>
</testsuite> <!-- MastersTestCases.Tc_Master_002_StaffEntryCreationAndVerificationTestCase -->
